<?xml version="1.0" encoding="UTF-8"?>
<!-- Generated by org.testng.reporters.JUnitReportReporter -->
<testsuite name="TestCases.TC_01" tests="1" time="24.246" ignored="0" failures="0" timestamp="11 Jan 2018 11:06:40 GMT" skipped="0" hostname="user-PC" errors="0">
  <testcase name="testcase1" time="24.246" classname="TestCases.TC_01"/>
</testsuite> <!-- TestCases.TC_01 -->
